ensorflow:global step 99961: loss = 2.8675 (0.758 sec/step)
INFO:tensorflow:global step 99962: loss = 2.4984 (0.738 sec/step)
INFO:tensorflow:global step 99963: loss = 2.3670 (0.490 sec/step)
INFO:tensorflow:global step 99964: loss = 2.3766 (0.521 sec/step)
INFO:tensorflow:global step 99965: loss = 3.0290 (0.540 sec/step)
INFO:tensorflow:global step 99966: loss = 2.3377 (0.513 sec/step)
INFO:tensorflow:global step 99967: loss = 2.2841 (0.529 sec/step)
INFO:tensorflow:global step 99968: loss = 2.4282 (0.441 sec/step)
INFO:tensorflow:global step 99969: loss = 2.0890 (0.564 sec/step)
INFO:tensorflow:global step 99970: loss = 1.9960 (0.467 sec/step)
INFO:tensorflow:global step 99971: loss = 2.6738 (0.475 sec/step)
INFO:tensorflow:global step 99972: loss = 2.2927 (0.493 sec/step)
INFO:tensorflow:global step 99973: loss = 2.7261 (0.568 sec/step)
INFO:tensorflow:global step 99974: loss = 2.0199 (0.475 sec/step)
INFO:tensorflow:global step 99975: loss = 2.3419 (0.483 sec/step)
INFO:tensorflow:global step 99976: loss = 2.1377 (0.527 sec/step)
INFO:tensorflow:global step 99977: loss = 2.0456 (0.486 sec/step)
INFO:tensorflow:global step 99978: loss = 2.3706 (0.488 sec/step)
INFO:tensorflow:global step 99979: loss = 1.6071 (0.486 sec/step)
INFO:tensorflow:global step 99980: loss = 3.4389 (0.499 sec/step)
INFO:tensorflow:global step 99981: loss = 2.7782 (0.630 sec/step)
INFO:tensorflow:global step 99982: loss = 2.0409 (0.577 sec/step)
INFO:tensorflow:global step 99983: loss = 3.2844 (0.502 sec/step)
INFO:tensorflow:global step 99984: loss = 1.9375 (0.500 sec/step)
INFO:tensorflow:global step 99985: loss = 2.4178 (0.492 sec/step)
INFO:tensorflow:global step 99986: loss = 2.6125 (0.512 sec/step)
INFO:tensorflow:global step 99987: loss = 1.8634 (0.537 sec/step)
INFO:tensorflow:global step 99988: loss = 2.4041 (0.488 sec/step)
INFO:tensorflow:global step 99989: loss = 2.3643 (0.496 sec/step)
INFO:tensorflow:global step 99990: loss = 2.8424 (0.496 sec/step)
INFO:tensorflow:global step 99991: loss = 2.6576 (0.516 sec/step)
INFO:tensorflow:global step 99992: loss = 2.1742 (0.480 sec/step)
INFO:tensorflow:global step 99993: loss = 2.0073 (0.626 sec/step)
INFO:tensorflow:global step 99994: loss = 2.0515 (0.530 sec/step)
INFO:tensorflow:global step 99995: loss = 2.3785 (0.599 sec/step)
INFO:tensorflow:global step 99996: loss = 1.7586 (0.502 sec/step)
INFO:tensorflow:global step 99997: loss = 2.8335 (0.527 sec/step)
INFO:tensorflow:global step 99998: loss = 2.0386 (0.542 sec/step)
INFO:tensorflow:global step 99999: loss = 2.5354 (0.501 sec/step)
INFO:tensorflow:global step 100000: loss = 2.4461 (0.625 sec/step)
INFO:tensorflow:Stopping Training.
INFO:tensorflow:Finished training! Saving model to disk.
[INFO|asb_main.py:41] 2018-10-05 07:37:56,210 > Transfer learning Success [ Total learning time : 14 Hour 51 Minute 54 Second ]

